{"G:\\Code\\work\\test-technique\\oostaoo-consulting\\oostao-test-technique\\src\\assets\\styles\\theme.ts": {"path":"G:\\Code\\work\\test-technique\\oostaoo-consulting\\oostao-test-technique\\src\\assets\\styles\\theme.ts","all":false,"statementMap":{"0":{"start":{"line":1,"column":0},"end":{"line":1,"column":25}},"1":{"start":{"line":2,"column":0},"end":{"line":2,"column":21}},"2":{"start":{"line":3,"column":0},"end":{"line":3,"column":21}},"3":{"start":{"line":4,"column":0},"end":{"line":4,"column":2}},"4":{"start":{"line":5,"column":0},"end":{"line":5,"column":0}},"5":{"start":{"line":6,"column":0},"end":{"line":6,"column":14}},"6":{"start":{"line":7,"column":0},"end":{"line":7,"column":19}},"7":{"start":{"line":8,"column":0},"end":{"line":8,"column":19}},"8":{"start":{"line":9,"column":0},"end":{"line":9,"column":19}},"9":{"start":{"line":10,"column":0},"end":{"line":10,"column":18}},"10":{"start":{"line":11,"column":0},"end":{"line":11,"column":19}},"11":{"start":{"line":12,"column":0},"end":{"line":12,"column":20}},"12":{"start":{"line":13,"column":0},"end":{"line":13,"column":19}},"13":{"start":{"line":14,"column":0},"end":{"line":14,"column":1}},"14":{"start":{"line":15,"column":0},"end":{"line":15,"column":0}},"15":{"start":{"line":16,"column":0},"end":{"line":16,"column":29}},"16":{"start":{"line":17,"column":0},"end":{"line":17,"column":11}},"17":{"start":{"line":18,"column":0},"end":{"line":18,"column":25}},"18":{"start":{"line":19,"column":0},"end":{"line":19,"column":27}},"19":{"start":{"line":20,"column":0},"end":{"line":20,"column":20}},"20":{"start":{"line":21,"column":0},"end":{"line":21,"column":22}},"21":{"start":{"line":22,"column":0},"end":{"line":22,"column":21}},"22":{"start":{"line":23,"column":0},"end":{"line":23,"column":36}},"23":{"start":{"line":24,"column":0},"end":{"line":24,"column":36}},"24":{"start":{"line":25,"column":0},"end":{"line":25,"column":36}},"25":{"start":{"line":26,"column":0},"end":{"line":26,"column":4}},"26":{"start":{"line":27,"column":0},"end":{"line":27,"column":11}},"27":{"start":{"line":28,"column":0},"end":{"line":28,"column":44}},"28":{"start":{"line":29,"column":0},"end":{"line":29,"column":44}},"29":{"start":{"line":30,"column":0},"end":{"line":30,"column":44}},"30":{"start":{"line":31,"column":0},"end":{"line":31,"column":42}},"31":{"start":{"line":32,"column":0},"end":{"line":32,"column":42}},"32":{"start":{"line":33,"column":0},"end":{"line":33,"column":44}},"33":{"start":{"line":34,"column":0},"end":{"line":34,"column":44}},"34":{"start":{"line":35,"column":0},"end":{"line":35,"column":3}},"35":{"start":{"line":36,"column":0},"end":{"line":36,"column":2}},"36":{"start":{"line":37,"column":0},"end":{"line":37,"column":0}},"37":{"start":{"line":38,"column":0},"end":{"line":38,"column":19}},"38":{"start":{"line":39,"column":0},"end":{"line":39,"column":20}},"39":{"start":{"line":40,"column":0},"end":{"line":40,"column":22}},"40":{"start":{"line":41,"column":0},"end":{"line":41,"column":15}},"41":{"start":{"line":42,"column":0},"end":{"line":42,"column":17}},"42":{"start":{"line":43,"column":0},"end":{"line":43,"column":16}},"43":{"start":{"line":44,"column":0},"end":{"line":44,"column":31}},"44":{"start":{"line":45,"column":0},"end":{"line":45,"column":31}},"45":{"start":{"line":46,"column":0},"end":{"line":46,"column":31}},"46":{"start":{"line":47,"column":0},"end":{"line":47,"column":2}},"47":{"start":{"line":48,"column":0},"end":{"line":48,"column":19}},"48":{"start":{"line":49,"column":0},"end":{"line":49,"column":18}},"49":{"start":{"line":50,"column":0},"end":{"line":50,"column":20}},"50":{"start":{"line":51,"column":0},"end":{"line":51,"column":20}},"51":{"start":{"line":52,"column":0},"end":{"line":52,"column":19}},"52":{"start":{"line":53,"column":0},"end":{"line":53,"column":19}},"53":{"start":{"line":54,"column":0},"end":{"line":54,"column":20}},"54":{"start":{"line":55,"column":0},"end":{"line":55,"column":20}},"55":{"start":{"line":56,"column":0},"end":{"line":56,"column":2}}},"s":{"0":1,"1":1,"2":1,"3":1,"4":1,"5":1,"6":1,"7":1,"8":1,"9":1,"10":1,"11":1,"12":1,"13":1,"14":1,"15":1,"16":1,"17":1,"18":1,"19":1,"20":1,"21":1,"22":1,"23":1,"24":1,"25":1,"26":1,"27":1,"28":1,"29":1,"30":1,"31":1,"32":1,"33":1,"34":1,"35":1,"36":1,"37":1,"38":1,"39":1,"40":1,"41":1,"42":1,"43":1,"44":1,"45":1,"46":1,"47":1,"48":1,"49":1,"50":1,"51":1,"52":1,"53":1,"54":1,"55":1},"branchMap":{"0":{"type":"branch","line":36,"loc":{"start":{"line":36,"column":0},"end":{"line":36,"column":2}},"locations":[{"start":{"line":36,"column":0},"end":{"line":36,"column":2}}]}},"b":{"0":[1]},"fnMap":{"0":{"name":"get","decl":{"start":{"line":36,"column":0},"end":{"line":36,"column":2}},"loc":{"start":{"line":36,"column":0},"end":{"line":36,"column":2}},"line":36}},"f":{"0":1}}
,"G:\\Code\\work\\test-technique\\oostaoo-consulting\\oostao-test-technique\\src\\assets\\styles\\components\\buttonStyled.ts": {"path":"G:\\Code\\work\\test-technique\\oostaoo-consulting\\oostao-test-technique\\src\\assets\\styles\\components\\buttonStyled.ts","all":false,"statementMap":{"0":{"start":{"line":1,"column":0},"end":{"line":1,"column":39}},"1":{"start":{"line":2,"column":0},"end":{"line":2,"column":0}},"2":{"start":{"line":3,"column":0},"end":{"line":3,"column":42}},"3":{"start":{"line":4,"column":0},"end":{"line":4,"column":21}},"4":{"start":{"line":5,"column":0},"end":{"line":5,"column":18}},"5":{"start":{"line":6,"column":0},"end":{"line":6,"column":15}},"6":{"start":{"line":7,"column":0},"end":{"line":7,"column":16}},"7":{"start":{"line":8,"column":0},"end":{"line":8,"column":28}},"8":{"start":{"line":9,"column":0},"end":{"line":9,"column":18}},"9":{"start":{"line":10,"column":0},"end":{"line":10,"column":24}},"10":{"start":{"line":11,"column":0},"end":{"line":11,"column":52}},"11":{"start":{"line":12,"column":0},"end":{"line":12,"column":62}},"12":{"start":{"line":13,"column":0},"end":{"line":13,"column":135}},"13":{"start":{"line":14,"column":0},"end":{"line":14,"column":25}},"14":{"start":{"line":15,"column":0},"end":{"line":15,"column":26}},"15":{"start":{"line":16,"column":0},"end":{"line":16,"column":31}},"16":{"start":{"line":17,"column":0},"end":{"line":17,"column":11}},"17":{"start":{"line":18,"column":0},"end":{"line":18,"column":30}},"18":{"start":{"line":19,"column":0},"end":{"line":19,"column":50}},"19":{"start":{"line":20,"column":0},"end":{"line":20,"column":3}},"20":{"start":{"line":21,"column":0},"end":{"line":21,"column":1}}},"s":{"0":1,"1":1,"2":1,"3":1,"4":1,"5":1,"6":1,"7":1,"8":1,"9":1,"10":1,"11":1,"12":1,"13":1,"14":1,"15":1,"16":1,"17":1,"18":1,"19":1,"20":1},"branchMap":{"0":{"type":"branch","line":11,"loc":{"start":{"line":11,"column":12},"end":{"line":11,"column":52}},"locations":[{"start":{"line":11,"column":12},"end":{"line":11,"column":52}}]},"1":{"type":"branch","line":12,"loc":{"start":{"line":12,"column":26},"end":{"line":12,"column":62}},"locations":[{"start":{"line":12,"column":26},"end":{"line":12,"column":62}}]},"2":{"type":"branch","line":13,"loc":{"start":{"line":13,"column":46},"end":{"line":13,"column":89}},"locations":[{"start":{"line":13,"column":46},"end":{"line":13,"column":89}}]},"3":{"type":"branch","line":13,"loc":{"start":{"line":13,"column":90},"end":{"line":13,"column":135}},"locations":[{"start":{"line":13,"column":90},"end":{"line":13,"column":135}}]},"4":{"type":"branch","line":19,"loc":{"start":{"line":19,"column":14},"end":{"line":19,"column":50}},"locations":[{"start":{"line":19,"column":14},"end":{"line":19,"column":50}}]},"5":{"type":"branch","line":19,"loc":{"start":{"line":19,"column":43},"end":{"line":19,"column":50}},"locations":[{"start":{"line":19,"column":43},"end":{"line":19,"column":50}}]}},"b":{"0":[2],"1":[2],"2":[2],"3":[2],"4":[2],"5":[2]},"fnMap":{"0":{"name":"Object.defineProperty.enumerable","decl":{"start":{"line":11,"column":12},"end":{"line":11,"column":52}},"loc":{"start":{"line":11,"column":12},"end":{"line":11,"column":52}},"line":11},"1":{"name":"Object.defineProperty.enumerable","decl":{"start":{"line":12,"column":26},"end":{"line":12,"column":62}},"loc":{"start":{"line":12,"column":26},"end":{"line":12,"column":62}},"line":12},"2":{"name":"Object.defineProperty.enumerable","decl":{"start":{"line":13,"column":46},"end":{"line":13,"column":89}},"loc":{"start":{"line":13,"column":46},"end":{"line":13,"column":89}},"line":13},"3":{"name":"Object.defineProperty.enumerable","decl":{"start":{"line":13,"column":90},"end":{"line":13,"column":135}},"loc":{"start":{"line":13,"column":90},"end":{"line":13,"column":135}},"line":13},"4":{"name":"get","decl":{"start":{"line":19,"column":43},"end":{"line":19,"column":50}},"loc":{"start":{"line":19,"column":43},"end":{"line":19,"column":50}},"line":19}},"f":{"0":2,"1":2,"2":2,"3":2,"4":2}}
,"G:\\Code\\work\\test-technique\\oostaoo-consulting\\oostao-test-technique\\src\\components\\modal\\index.tsx": {"path":"G:\\Code\\work\\test-technique\\oostaoo-consulting\\oostao-test-technique\\src\\components\\modal\\index.tsx","all":false,"statementMap":{"0":{"start":{"line":1,"column":0},"end":{"line":1,"column":66}},"1":{"start":{"line":2,"column":0},"end":{"line":2,"column":34}},"2":{"start":{"line":3,"column":0},"end":{"line":3,"column":66}},"3":{"start":{"line":4,"column":0},"end":{"line":4,"column":73}},"4":{"start":{"line":5,"column":0},"end":{"line":5,"column":63}},"5":{"start":{"line":6,"column":0},"end":{"line":6,"column":56}},"6":{"start":{"line":7,"column":0},"end":{"line":7,"column":54}},"7":{"start":{"line":8,"column":0},"end":{"line":8,"column":75}},"8":{"start":{"line":9,"column":0},"end":{"line":9,"column":8}},"9":{"start":{"line":10,"column":0},"end":{"line":10,"column":14}},"10":{"start":{"line":11,"column":0},"end":{"line":11,"column":15}},"11":{"start":{"line":12,"column":0},"end":{"line":12,"column":12}},"12":{"start":{"line":13,"column":0},"end":{"line":13,"column":14}},"13":{"start":{"line":14,"column":0},"end":{"line":14,"column":14}},"14":{"start":{"line":15,"column":0},"end":{"line":15,"column":24}},"15":{"start":{"line":16,"column":0},"end":{"line":16,"column":75}},"16":{"start":{"line":17,"column":0},"end":{"line":17,"column":73}},"17":{"start":{"line":18,"column":0},"end":{"line":18,"column":55}},"18":{"start":{"line":19,"column":0},"end":{"line":19,"column":0}},"19":{"start":{"line":20,"column":0},"end":{"line":20,"column":33}},"20":{"start":{"line":21,"column":0},"end":{"line":21,"column":35}},"21":{"start":{"line":22,"column":0},"end":{"line":22,"column":72}},"22":{"start":{"line":23,"column":0},"end":{"line":23,"column":68}},"23":{"start":{"line":24,"column":0},"end":{"line":24,"column":81}},"24":{"start":{"line":25,"column":0},"end":{"line":25,"column":0}},"25":{"start":{"line":26,"column":0},"end":{"line":26,"column":38}},"26":{"start":{"line":27,"column":0},"end":{"line":27,"column":26}},"27":{"start":{"line":28,"column":0},"end":{"line":28,"column":49}},"28":{"start":{"line":29,"column":0},"end":{"line":29,"column":33}},"29":{"start":{"line":30,"column":0},"end":{"line":30,"column":34}},"30":{"start":{"line":31,"column":0},"end":{"line":31,"column":33}},"31":{"start":{"line":32,"column":0},"end":{"line":32,"column":31}},"32":{"start":{"line":33,"column":0},"end":{"line":33,"column":3}},"33":{"start":{"line":34,"column":0},"end":{"line":34,"column":0}},"34":{"start":{"line":35,"column":0},"end":{"line":35,"column":53}},"35":{"start":{"line":36,"column":0},"end":{"line":36,"column":19}},"36":{"start":{"line":37,"column":0},"end":{"line":37,"column":58}},"37":{"start":{"line":38,"column":0},"end":{"line":38,"column":19}},"38":{"start":{"line":39,"column":0},"end":{"line":39,"column":0}},"39":{"start":{"line":40,"column":0},"end":{"line":40,"column":10}},"40":{"start":{"line":41,"column":0},"end":{"line":41,"column":41}},"41":{"start":{"line":42,"column":0},"end":{"line":42,"column":20}},"42":{"start":{"line":43,"column":0},"end":{"line":43,"column":21}},"43":{"start":{"line":44,"column":0},"end":{"line":44,"column":68}},"44":{"start":{"line":45,"column":0},"end":{"line":45,"column":22}},"45":{"start":{"line":46,"column":0},"end":{"line":46,"column":19}},"46":{"start":{"line":47,"column":0},"end":{"line":47,"column":18}},"47":{"start":{"line":48,"column":0},"end":{"line":48,"column":130}},"48":{"start":{"line":49,"column":0},"end":{"line":49,"column":175}},"49":{"start":{"line":50,"column":0},"end":{"line":50,"column":20}},"50":{"start":{"line":51,"column":0},"end":{"line":51,"column":21}},"51":{"start":{"line":52,"column":0},"end":{"line":52,"column":66}},"52":{"start":{"line":53,"column":0},"end":{"line":53,"column":22}},"53":{"start":{"line":54,"column":0},"end":{"line":54,"column":21}},"54":{"start":{"line":55,"column":0},"end":{"line":55,"column":18}},"55":{"start":{"line":56,"column":0},"end":{"line":56,"column":4}},"56":{"start":{"line":57,"column":0},"end":{"line":57,"column":1}}},"s":{"0":1,"1":1,"2":1,"3":1,"4":1,"5":1,"6":1,"7":1,"8":1,"9":1,"10":1,"11":1,"12":1,"13":1,"14":1,"15":1,"16":1,"17":1,"18":1,"19":1,"20":1,"21":1,"22":1,"23":1,"24":1,"25":1,"26":1,"27":1,"28":1,"29":1,"30":1,"31":1,"32":1,"33":1,"34":1,"35":1,"36":2,"37":1,"38":1,"39":1,"40":1,"41":1,"42":1,"43":1,"44":1,"45":1,"46":1,"47":1,"48":1,"49":1,"50":1,"51":1,"52":1,"53":1,"54":1,"55":1,"56":1},"branchMap":{"0":{"type":"branch","line":44,"loc":{"start":{"line":44,"column":11},"end":{"line":44,"column":35}},"locations":[{"start":{"line":44,"column":11},"end":{"line":44,"column":35}}]},"1":{"type":"branch","line":47,"loc":{"start":{"line":47,"column":11},"end":{"line":48,"column":53}},"locations":[{"start":{"line":47,"column":11},"end":{"line":48,"column":53}}]},"2":{"type":"branch","line":27,"loc":{"start":{"line":27,"column":2},"end":{"line":36,"column":11}},"locations":[{"start":{"line":27,"column":2},"end":{"line":36,"column":11}}]},"3":{"type":"branch","line":28,"loc":{"start":{"line":28,"column":17},"end":{"line":29,"column":12}},"locations":[{"start":{"line":28,"column":17},"end":{"line":29,"column":12}}]},"4":{"type":"branch","line":36,"loc":{"start":{"line":36,"column":12},"end":{"line":38,"column":5}},"locations":[{"start":{"line":36,"column":12},"end":{"line":38,"column":5}}]}},"b":{"0":[0],"1":[0],"2":[1],"3":[0],"4":[2]},"fnMap":{"0":{"name":"handleClick","decl":{"start":{"line":27,"column":2},"end":{"line":36,"column":11}},"loc":{"start":{"line":27,"column":2},"end":{"line":36,"column":11}},"line":27}},"f":{"0":1}}
,"G:\\Code\\work\\test-technique\\oostaoo-consulting\\oostao-test-technique\\src\\components\\modal\\modal.styles.ts": {"path":"G:\\Code\\work\\test-technique\\oostaoo-consulting\\oostao-test-technique\\src\\components\\modal\\modal.styles.ts","all":false,"statementMap":{"0":{"start":{"line":1,"column":0},"end":{"line":1,"column":39}},"1":{"start":{"line":2,"column":0},"end":{"line":2,"column":0}},"2":{"start":{"line":3,"column":0},"end":{"line":3,"column":14}},"3":{"start":{"line":4,"column":0},"end":{"line":4,"column":22}},"4":{"start":{"line":5,"column":0},"end":{"line":5,"column":2}},"5":{"start":{"line":6,"column":0},"end":{"line":6,"column":0}},"6":{"start":{"line":7,"column":0},"end":{"line":7,"column":45}},"7":{"start":{"line":8,"column":0},"end":{"line":8,"column":18}},"8":{"start":{"line":9,"column":0},"end":{"line":9,"column":9}},"9":{"start":{"line":10,"column":0},"end":{"line":10,"column":11}},"10":{"start":{"line":11,"column":0},"end":{"line":11,"column":12}},"11":{"start":{"line":12,"column":0},"end":{"line":12,"column":10}},"12":{"start":{"line":13,"column":0},"end":{"line":13,"column":39}},"13":{"start":{"line":14,"column":0},"end":{"line":14,"column":16}},"14":{"start":{"line":15,"column":0},"end":{"line":15,"column":22}},"15":{"start":{"line":16,"column":0},"end":{"line":16,"column":26}},"16":{"start":{"line":17,"column":0},"end":{"line":17,"column":52}},"17":{"start":{"line":18,"column":0},"end":{"line":18,"column":53}},"18":{"start":{"line":19,"column":0},"end":{"line":19,"column":2}},"19":{"start":{"line":20,"column":0},"end":{"line":20,"column":0}},"20":{"start":{"line":21,"column":0},"end":{"line":21,"column":39}},"21":{"start":{"line":22,"column":0},"end":{"line":22,"column":13}},"22":{"start":{"line":23,"column":0},"end":{"line":23,"column":16}},"23":{"start":{"line":24,"column":0},"end":{"line":24,"column":25}},"24":{"start":{"line":25,"column":0},"end":{"line":25,"column":22}},"25":{"start":{"line":26,"column":0},"end":{"line":26,"column":32}},"26":{"start":{"line":27,"column":0},"end":{"line":27,"column":26}},"27":{"start":{"line":28,"column":0},"end":{"line":28,"column":21}},"28":{"start":{"line":29,"column":0},"end":{"line":29,"column":16}},"29":{"start":{"line":30,"column":0},"end":{"line":30,"column":12}},"30":{"start":{"line":31,"column":0},"end":{"line":31,"column":15}},"31":{"start":{"line":32,"column":0},"end":{"line":32,"column":63}},"32":{"start":{"line":33,"column":0},"end":{"line":33,"column":2}},"33":{"start":{"line":34,"column":0},"end":{"line":34,"column":0}},"34":{"start":{"line":35,"column":0},"end":{"line":35,"column":38}},"35":{"start":{"line":36,"column":0},"end":{"line":36,"column":19}},"36":{"start":{"line":37,"column":0},"end":{"line":37,"column":20}},"37":{"start":{"line":38,"column":0},"end":{"line":38,"column":50}},"38":{"start":{"line":39,"column":0},"end":{"line":39,"column":21}},"39":{"start":{"line":40,"column":0},"end":{"line":40,"column":22}},"40":{"start":{"line":41,"column":0},"end":{"line":41,"column":4}},"41":{"start":{"line":42,"column":0},"end":{"line":42,"column":3}},"42":{"start":{"line":43,"column":0},"end":{"line":43,"column":50}},"43":{"start":{"line":44,"column":0},"end":{"line":44,"column":21}},"44":{"start":{"line":45,"column":0},"end":{"line":45,"column":20}},"45":{"start":{"line":46,"column":0},"end":{"line":46,"column":3}},"46":{"start":{"line":47,"column":0},"end":{"line":47,"column":2}},"47":{"start":{"line":48,"column":0},"end":{"line":48,"column":36}},"48":{"start":{"line":49,"column":0},"end":{"line":49,"column":21}},"49":{"start":{"line":50,"column":0},"end":{"line":50,"column":19}},"50":{"start":{"line":51,"column":0},"end":{"line":51,"column":18}},"51":{"start":{"line":52,"column":0},"end":{"line":52,"column":50}},"52":{"start":{"line":53,"column":0},"end":{"line":53,"column":21}},"53":{"start":{"line":54,"column":0},"end":{"line":54,"column":24}},"54":{"start":{"line":55,"column":0},"end":{"line":55,"column":3}},"55":{"start":{"line":56,"column":0},"end":{"line":56,"column":50}},"56":{"start":{"line":57,"column":0},"end":{"line":57,"column":21}},"57":{"start":{"line":58,"column":0},"end":{"line":58,"column":22}},"58":{"start":{"line":59,"column":0},"end":{"line":59,"column":3}},"59":{"start":{"line":60,"column":0},"end":{"line":60,"column":2}},"60":{"start":{"line":61,"column":0},"end":{"line":61,"column":40}}},"s":{"0":1,"1":1,"2":1,"3":1,"4":1,"5":1,"6":1,"7":1,"8":1,"9":1,"10":1,"11":1,"12":1,"13":1,"14":1,"15":1,"16":1,"17":1,"18":1,"19":1,"20":1,"21":1,"22":1,"23":1,"24":1,"25":1,"26":1,"27":1,"28":1,"29":1,"30":1,"31":1,"32":1,"33":1,"34":1,"35":1,"36":1,"37":1,"38":1,"39":1,"40":1,"41":1,"42":1,"43":1,"44":1,"45":1,"46":1,"47":1,"48":1,"49":1,"50":1,"51":1,"52":1,"53":1,"54":1,"55":1,"56":1,"57":1,"58":1,"59":1,"60":1},"branchMap":{"0":{"type":"branch","line":17,"loc":{"start":{"line":17,"column":14},"end":{"line":17,"column":52}},"locations":[{"start":{"line":17,"column":14},"end":{"line":17,"column":52}}]},"1":{"type":"branch","line":17,"loc":{"start":{"line":17,"column":31},"end":{"line":17,"column":48}},"locations":[{"start":{"line":17,"column":31},"end":{"line":17,"column":48}}]},"2":{"type":"branch","line":17,"loc":{"start":{"line":17,"column":44},"end":{"line":17,"column":52}},"locations":[{"start":{"line":17,"column":44},"end":{"line":17,"column":52}}]},"3":{"type":"branch","line":18,"loc":{"start":{"line":18,"column":14},"end":{"line":18,"column":53}},"locations":[{"start":{"line":18,"column":14},"end":{"line":18,"column":53}}]},"4":{"type":"branch","line":18,"loc":{"start":{"line":18,"column":31},"end":{"line":18,"column":49}},"locations":[{"start":{"line":18,"column":31},"end":{"line":18,"column":49}}]},"5":{"type":"branch","line":18,"loc":{"start":{"line":18,"column":44},"end":{"line":18,"column":53}},"locations":[{"start":{"line":18,"column":44},"end":{"line":18,"column":53}}]},"6":{"type":"branch","line":18,"loc":{"start":{"line":18,"column":49},"end":{"line":18,"column":53}},"locations":[{"start":{"line":18,"column":49},"end":{"line":18,"column":53}}]},"7":{"type":"branch","line":32,"loc":{"start":{"line":32,"column":23},"end":{"line":32,"column":63}},"locations":[{"start":{"line":32,"column":23},"end":{"line":32,"column":63}}]},"8":{"type":"branch","line":32,"loc":{"start":{"line":32,"column":52},"end":{"line":32,"column":63}},"locations":[{"start":{"line":32,"column":52},"end":{"line":32,"column":63}}]},"9":{"type":"branch","line":38,"loc":{"start":{"line":38,"column":12},"end":{"line":38,"column":50}},"locations":[{"start":{"line":38,"column":12},"end":{"line":38,"column":50}}]},"10":{"type":"branch","line":43,"loc":{"start":{"line":43,"column":12},"end":{"line":43,"column":50}},"locations":[{"start":{"line":43,"column":12},"end":{"line":43,"column":50}}]},"11":{"type":"branch","line":43,"loc":{"start":{"line":43,"column":41},"end":{"line":43,"column":50}},"locations":[{"start":{"line":43,"column":41},"end":{"line":43,"column":50}}]},"12":{"type":"branch","line":52,"loc":{"start":{"line":52,"column":12},"end":{"line":52,"column":50}},"locations":[{"start":{"line":52,"column":12},"end":{"line":52,"column":50}}]},"13":{"type":"branch","line":56,"loc":{"start":{"line":56,"column":12},"end":{"line":56,"column":50}},"locations":[{"start":{"line":56,"column":12},"end":{"line":56,"column":50}}]},"14":{"type":"branch","line":56,"loc":{"start":{"line":56,"column":41},"end":{"line":56,"column":50}},"locations":[{"start":{"line":56,"column":41},"end":{"line":56,"column":50}}]},"15":{"type":"branch","line":61,"loc":{"start":{"line":61,"column":34},"end":{"line":61,"column":40}},"locations":[{"start":{"line":61,"column":34},"end":{"line":61,"column":40}}]}},"b":{"0":[2],"1":[1],"2":[1],"3":[2],"4":[1],"5":[1],"6":[2],"7":[2],"8":[2],"9":[2],"10":[2],"11":[2],"12":[2],"13":[2],"14":[2],"15":[2]},"fnMap":{"0":{"name":"Object.defineProperty.enumerable","decl":{"start":{"line":17,"column":14},"end":{"line":17,"column":52}},"loc":{"start":{"line":17,"column":14},"end":{"line":17,"column":52}},"line":17},"1":{"name":"get","decl":{"start":{"line":18,"column":49},"end":{"line":18,"column":53}},"loc":{"start":{"line":18,"column":49},"end":{"line":18,"column":53}},"line":18},"2":{"name":"get","decl":{"start":{"line":32,"column":52},"end":{"line":32,"column":63}},"loc":{"start":{"line":32,"column":52},"end":{"line":32,"column":63}},"line":32},"3":{"name":"Object.defineProperty.enumerable","decl":{"start":{"line":38,"column":12},"end":{"line":38,"column":50}},"loc":{"start":{"line":38,"column":12},"end":{"line":38,"column":50}},"line":38},"4":{"name":"get","decl":{"start":{"line":43,"column":41},"end":{"line":43,"column":50}},"loc":{"start":{"line":43,"column":41},"end":{"line":43,"column":50}},"line":43},"5":{"name":"Object.defineProperty.enumerable","decl":{"start":{"line":52,"column":12},"end":{"line":52,"column":50}},"loc":{"start":{"line":52,"column":12},"end":{"line":52,"column":50}},"line":52},"6":{"name":"get","decl":{"start":{"line":56,"column":41},"end":{"line":56,"column":50}},"loc":{"start":{"line":56,"column":41},"end":{"line":56,"column":50}},"line":56},"7":{"name":"get","decl":{"start":{"line":61,"column":34},"end":{"line":61,"column":40}},"loc":{"start":{"line":61,"column":34},"end":{"line":61,"column":40}},"line":61}},"f":{"0":2,"1":2,"2":2,"3":2,"4":2,"5":2,"6":2,"7":2}}
,"G:\\Code\\work\\test-technique\\oostaoo-consulting\\oostao-test-technique\\src\\store\\hooks.ts": {"path":"G:\\Code\\work\\test-technique\\oostaoo-consulting\\oostao-test-technique\\src\\store\\hooks.ts","all":false,"statementMap":{"0":{"start":{"line":1,"column":0},"end":{"line":1,"column":54}},"1":{"start":{"line":2,"column":0},"end":{"line":2,"column":55}},"2":{"start":{"line":3,"column":0},"end":{"line":3,"column":53}},"3":{"start":{"line":4,"column":0},"end":{"line":4,"column":0}},"4":{"start":{"line":5,"column":0},"end":{"line":5,"column":60}},"5":{"start":{"line":6,"column":0},"end":{"line":6,"column":74}}},"s":{"0":1,"1":1,"2":1,"3":1,"4":1,"5":1},"branchMap":{"0":{"type":"branch","line":5,"loc":{"start":{"line":5,"column":49},"end":{"line":5,"column":60}},"locations":[{"start":{"line":5,"column":49},"end":{"line":5,"column":60}}]},"1":{"type":"branch","line":6,"loc":{"start":{"line":6,"column":63},"end":{"line":6,"column":74}},"locations":[{"start":{"line":6,"column":63},"end":{"line":6,"column":74}}]}},"b":{"0":[2],"1":[6]},"fnMap":{"0":{"name":"get","decl":{"start":{"line":5,"column":49},"end":{"line":5,"column":60}},"loc":{"start":{"line":5,"column":49},"end":{"line":5,"column":60}},"line":5},"1":{"name":"get","decl":{"start":{"line":6,"column":63},"end":{"line":6,"column":74}},"loc":{"start":{"line":6,"column":63},"end":{"line":6,"column":74}},"line":6}},"f":{"0":2,"1":6}}
,"G:\\Code\\work\\test-technique\\oostaoo-consulting\\oostao-test-technique\\src\\store\\store.ts": {"path":"G:\\Code\\work\\test-technique\\oostaoo-consulting\\oostao-test-technique\\src\\store\\store.ts","all":false,"statementMap":{"0":{"start":{"line":1,"column":0},"end":{"line":1,"column":50}},"1":{"start":{"line":2,"column":0},"end":{"line":2,"column":47}},"2":{"start":{"line":3,"column":0},"end":{"line":3,"column":59}},"3":{"start":{"line":4,"column":0},"end":{"line":4,"column":61}},"4":{"start":{"line":5,"column":0},"end":{"line":5,"column":59}},"5":{"start":{"line":6,"column":0},"end":{"line":6,"column":49}},"6":{"start":{"line":7,"column":0},"end":{"line":7,"column":0}},"7":{"start":{"line":8,"column":0},"end":{"line":8,"column":40}},"8":{"start":{"line":9,"column":0},"end":{"line":9,"column":17}},"9":{"start":{"line":10,"column":0},"end":{"line":10,"column":29}},"10":{"start":{"line":11,"column":0},"end":{"line":11,"column":31}},"11":{"start":{"line":12,"column":0},"end":{"line":12,"column":41}},"12":{"start":{"line":13,"column":0},"end":{"line":13,"column":43}},"13":{"start":{"line":14,"column":0},"end":{"line":14,"column":41}},"14":{"start":{"line":15,"column":0},"end":{"line":15,"column":9}},"15":{"start":{"line":16,"column":0},"end":{"line":16,"column":7}},"16":{"start":{"line":17,"column":0},"end":{"line":17,"column":0}},"17":{"start":{"line":18,"column":0},"end":{"line":18,"column":34}},"18":{"start":{"line":19,"column":0},"end":{"line":19,"column":18}},"19":{"start":{"line":20,"column":0},"end":{"line":20,"column":14}},"20":{"start":{"line":21,"column":0},"end":{"line":21,"column":24}},"21":{"start":{"line":22,"column":0},"end":{"line":22,"column":26}},"22":{"start":{"line":23,"column":0},"end":{"line":23,"column":36}},"23":{"start":{"line":24,"column":0},"end":{"line":24,"column":38}},"24":{"start":{"line":25,"column":0},"end":{"line":25,"column":36}},"25":{"start":{"line":26,"column":0},"end":{"line":26,"column":4}},"26":{"start":{"line":27,"column":0},"end":{"line":27,"column":5}},"27":{"start":{"line":28,"column":0},"end":{"line":28,"column":35}},"28":{"start":{"line":29,"column":0},"end":{"line":29,"column":0}},"29":{"start":{"line":30,"column":0},"end":{"line":30,"column":57}},"30":{"start":{"line":31,"column":0},"end":{"line":31,"column":47}}},"s":{"0":1,"1":1,"2":1,"3":1,"4":1,"5":1,"6":1,"7":1,"8":1,"9":1,"10":1,"11":1,"12":1,"13":1,"14":1,"15":1,"16":1,"17":1,"18":2,"19":2,"20":2,"21":2,"22":2,"23":2,"24":2,"25":2,"26":2,"27":1,"28":1,"29":1,"30":1},"branchMap":{"0":{"type":"branch","line":18,"loc":{"start":{"line":18,"column":29},"end":{"line":27,"column":5}},"locations":[{"start":{"line":18,"column":29},"end":{"line":27,"column":5}}]},"1":{"type":"branch","line":27,"loc":{"start":{"line":27,"column":3},"end":{"line":27,"column":5}},"locations":[{"start":{"line":27,"column":3},"end":{"line":27,"column":5}}]}},"b":{"0":[2],"1":[1]},"fnMap":{"0":{"name":"createStore","decl":{"start":{"line":18,"column":29},"end":{"line":27,"column":5}},"loc":{"start":{"line":18,"column":29},"end":{"line":27,"column":5}},"line":18},"1":{"name":"get","decl":{"start":{"line":27,"column":3},"end":{"line":27,"column":5}},"loc":{"start":{"line":27,"column":3},"end":{"line":27,"column":5}},"line":27},"2":{"name":"get","decl":{"start":{"line":28,"column":33},"end":{"line":28,"column":35}},"loc":{"start":{"line":28,"column":33},"end":{"line":28,"column":35}},"line":28}},"f":{"0":2,"1":1,"2":0}}
,"G:\\Code\\work\\test-technique\\oostaoo-consulting\\oostao-test-technique\\src\\store\\features\\cardsSlice.ts": {"path":"G:\\Code\\work\\test-technique\\oostaoo-consulting\\oostao-test-technique\\src\\store\\features\\cardsSlice.ts","all":false,"statementMap":{"0":{"start":{"line":1,"column":0},"end":{"line":1,"column":47}},"1":{"start":{"line":2,"column":0},"end":{"line":2,"column":53}},"2":{"start":{"line":3,"column":0},"end":{"line":3,"column":50}},"3":{"start":{"line":4,"column":0},"end":{"line":4,"column":51}},"4":{"start":{"line":5,"column":0},"end":{"line":5,"column":0}},"5":{"start":{"line":6,"column":0},"end":{"line":6,"column":21}},"6":{"start":{"line":7,"column":0},"end":{"line":7,"column":20}},"7":{"start":{"line":8,"column":0},"end":{"line":8,"column":1}},"8":{"start":{"line":9,"column":0},"end":{"line":9,"column":0}},"9":{"start":{"line":10,"column":0},"end":{"line":10,"column":36}},"10":{"start":{"line":11,"column":0},"end":{"line":11,"column":12}},"11":{"start":{"line":12,"column":0},"end":{"line":12,"column":1}},"12":{"start":{"line":13,"column":0},"end":{"line":13,"column":0}},"13":{"start":{"line":14,"column":0},"end":{"line":14,"column":39}},"14":{"start":{"line":15,"column":0},"end":{"line":15,"column":16}},"15":{"start":{"line":16,"column":0},"end":{"line":16,"column":15}},"16":{"start":{"line":17,"column":0},"end":{"line":17,"column":13}},"17":{"start":{"line":18,"column":0},"end":{"line":18,"column":70}},"18":{"start":{"line":19,"column":0},"end":{"line":19,"column":28}},"19":{"start":{"line":20,"column":0},"end":{"line":20,"column":6}},"20":{"start":{"line":21,"column":0},"end":{"line":21,"column":77}},"21":{"start":{"line":22,"column":0},"end":{"line":22,"column":47}},"22":{"start":{"line":23,"column":0},"end":{"line":23,"column":37}},"23":{"start":{"line":24,"column":0},"end":{"line":24,"column":43}},"24":{"start":{"line":25,"column":0},"end":{"line":25,"column":20}},"25":{"start":{"line":26,"column":0},"end":{"line":26,"column":22}},"26":{"start":{"line":27,"column":0},"end":{"line":27,"column":31}},"27":{"start":{"line":28,"column":0},"end":{"line":28,"column":14}},"28":{"start":{"line":29,"column":0},"end":{"line":29,"column":18}},"29":{"start":{"line":30,"column":0},"end":{"line":30,"column":20}},"30":{"start":{"line":31,"column":0},"end":{"line":31,"column":22}},"31":{"start":{"line":32,"column":0},"end":{"line":32,"column":31}},"32":{"start":{"line":33,"column":0},"end":{"line":33,"column":28}},"33":{"start":{"line":34,"column":0},"end":{"line":34,"column":14}},"34":{"start":{"line":35,"column":0},"end":{"line":35,"column":11}},"35":{"start":{"line":36,"column":0},"end":{"line":36,"column":16}},"36":{"start":{"line":37,"column":0},"end":{"line":37,"column":22}},"37":{"start":{"line":38,"column":0},"end":{"line":38,"column":9}},"38":{"start":{"line":39,"column":0},"end":{"line":39,"column":9}},"39":{"start":{"line":40,"column":0},"end":{"line":40,"column":6}},"40":{"start":{"line":41,"column":0},"end":{"line":41,"column":74}},"41":{"start":{"line":42,"column":0},"end":{"line":42,"column":47}},"42":{"start":{"line":43,"column":0},"end":{"line":43,"column":34}},"43":{"start":{"line":44,"column":0},"end":{"line":44,"column":18}},"44":{"start":{"line":45,"column":0},"end":{"line":45,"column":20}},"45":{"start":{"line":46,"column":0},"end":{"line":46,"column":28}},"46":{"start":{"line":47,"column":0},"end":{"line":47,"column":27}},"47":{"start":{"line":48,"column":0},"end":{"line":48,"column":12}},"48":{"start":{"line":49,"column":0},"end":{"line":49,"column":16}},"49":{"start":{"line":50,"column":0},"end":{"line":50,"column":22}},"50":{"start":{"line":51,"column":0},"end":{"line":51,"column":9}},"51":{"start":{"line":52,"column":0},"end":{"line":52,"column":9}},"52":{"start":{"line":53,"column":0},"end":{"line":53,"column":6}},"53":{"start":{"line":54,"column":0},"end":{"line":54,"column":4}},"54":{"start":{"line":55,"column":0},"end":{"line":55,"column":3}},"55":{"start":{"line":56,"column":0},"end":{"line":56,"column":0}},"56":{"start":{"line":57,"column":0},"end":{"line":57,"column":76}},"57":{"start":{"line":58,"column":0},"end":{"line":58,"column":21}},"58":{"start":{"line":59,"column":0},"end":{"line":59,"column":34}},"59":{"start":{"line":60,"column":0},"end":{"line":60,"column":60}}},"s":{"0":1,"1":1,"2":1,"3":1,"4":1,"5":1,"6":1,"7":1,"8":1,"9":1,"10":1,"11":1,"12":1,"13":1,"14":1,"15":1,"16":1,"17":1,"18":2,"19":2,"20":1,"21":0,"22":0,"23":0,"24":0,"25":0,"26":0,"27":0,"28":0,"29":0,"30":0,"31":0,"32":0,"33":0,"34":0,"35":0,"36":0,"37":0,"38":0,"39":0,"40":1,"41":0,"42":0,"43":0,"44":0,"45":0,"46":0,"47":0,"48":0,"49":0,"50":0,"51":0,"52":0,"53":1,"54":1,"55":1,"56":1,"57":1,"58":1,"59":1},"branchMap":{"0":{"type":"branch","line":18,"loc":{"start":{"line":18,"column":19},"end":{"line":20,"column":6}},"locations":[{"start":{"line":18,"column":19},"end":{"line":20,"column":6}}]}},"b":{"0":[2]},"fnMap":{"0":{"name":"setCardsData","decl":{"start":{"line":18,"column":19},"end":{"line":20,"column":6}},"loc":{"start":{"line":18,"column":19},"end":{"line":20,"column":6}},"line":18},"1":{"name":"flippedFrontCardsData","decl":{"start":{"line":21,"column":28},"end":{"line":40,"column":6}},"loc":{"start":{"line":21,"column":28},"end":{"line":40,"column":6}},"line":21},"2":{"name":"flippedBackCardsData","decl":{"start":{"line":41,"column":27},"end":{"line":53,"column":6}},"loc":{"start":{"line":41,"column":27},"end":{"line":53,"column":6}},"line":41},"3":{"name":"get","decl":{"start":{"line":55,"column":1},"end":{"line":55,"column":3}},"loc":{"start":{"line":55,"column":1},"end":{"line":55,"column":3}},"line":55},"4":{"name":"get","decl":{"start":{"line":58,"column":13},"end":{"line":58,"column":21}},"loc":{"start":{"line":58,"column":13},"end":{"line":58,"column":21}},"line":58},"5":{"name":"cards","decl":{"start":{"line":60,"column":22},"end":{"line":60,"column":60}},"loc":{"start":{"line":60,"column":22},"end":{"line":60,"column":60}},"line":60},"6":{"name":"get","decl":{"start":{"line":60,"column":55},"end":{"line":60,"column":60}},"loc":{"start":{"line":60,"column":55},"end":{"line":60,"column":60}},"line":60}},"f":{"0":2,"1":0,"2":0,"3":0,"4":0,"5":0,"6":0}}
,"G:\\Code\\work\\test-technique\\oostaoo-consulting\\oostao-test-technique\\src\\store\\features\\clickedCardSlice.ts": {"path":"G:\\Code\\work\\test-technique\\oostaoo-consulting\\oostao-test-technique\\src\\store\\features\\clickedCardSlice.ts","all":false,"statementMap":{"0":{"start":{"line":1,"column":0},"end":{"line":1,"column":47}},"1":{"start":{"line":2,"column":0},"end":{"line":2,"column":53}},"2":{"start":{"line":3,"column":0},"end":{"line":3,"column":50}},"3":{"start":{"line":4,"column":0},"end":{"line":4,"column":51}},"4":{"start":{"line":5,"column":0},"end":{"line":5,"column":0}},"5":{"start":{"line":6,"column":0},"end":{"line":6,"column":21}},"6":{"start":{"line":7,"column":0},"end":{"line":7,"column":36}},"7":{"start":{"line":8,"column":0},"end":{"line":8,"column":1}},"8":{"start":{"line":9,"column":0},"end":{"line":9,"column":0}},"9":{"start":{"line":10,"column":0},"end":{"line":10,"column":36}},"10":{"start":{"line":11,"column":0},"end":{"line":11,"column":25}},"11":{"start":{"line":12,"column":0},"end":{"line":12,"column":1}},"12":{"start":{"line":13,"column":0},"end":{"line":13,"column":0}},"13":{"start":{"line":14,"column":0},"end":{"line":14,"column":45}},"14":{"start":{"line":15,"column":0},"end":{"line":15,"column":22}},"15":{"start":{"line":16,"column":0},"end":{"line":16,"column":15}},"16":{"start":{"line":17,"column":0},"end":{"line":17,"column":13}},"17":{"start":{"line":18,"column":0},"end":{"line":18,"column":82}},"18":{"start":{"line":19,"column":0},"end":{"line":19,"column":35}},"19":{"start":{"line":20,"column":0},"end":{"line":20,"column":6}},"20":{"start":{"line":21,"column":0},"end":{"line":21,"column":68}},"21":{"start":{"line":22,"column":0},"end":{"line":22,"column":35}},"22":{"start":{"line":23,"column":0},"end":{"line":23,"column":6}},"23":{"start":{"line":24,"column":0},"end":{"line":24,"column":4}},"24":{"start":{"line":25,"column":0},"end":{"line":25,"column":3}},"25":{"start":{"line":26,"column":0},"end":{"line":26,"column":0}},"26":{"start":{"line":27,"column":0},"end":{"line":27,"column":77}},"27":{"start":{"line":28,"column":0},"end":{"line":28,"column":40}},"28":{"start":{"line":29,"column":0},"end":{"line":29,"column":78}}},"s":{"0":1,"1":1,"2":1,"3":1,"4":1,"5":1,"6":1,"7":1,"8":1,"9":1,"10":1,"11":1,"12":1,"13":1,"14":1,"15":1,"16":1,"17":1,"18":0,"19":0,"20":1,"21":1,"22":1,"23":1,"24":1,"25":1,"26":1,"27":1,"28":1},"branchMap":{"0":{"type":"branch","line":21,"loc":{"start":{"line":21,"column":23},"end":{"line":23,"column":6}},"locations":[{"start":{"line":21,"column":23},"end":{"line":23,"column":6}}]},"1":{"type":"branch","line":27,"loc":{"start":{"line":27,"column":69},"end":{"line":27,"column":77}},"locations":[{"start":{"line":27,"column":69},"end":{"line":27,"column":77}}]}},"b":{"0":[1],"1":[1]},"fnMap":{"0":{"name":"setClickedCard","decl":{"start":{"line":18,"column":21},"end":{"line":20,"column":6}},"loc":{"start":{"line":18,"column":21},"end":{"line":20,"column":6}},"line":18},"1":{"name":"resetClickedCard","decl":{"start":{"line":21,"column":23},"end":{"line":23,"column":6}},"loc":{"start":{"line":21,"column":23},"end":{"line":23,"column":6}},"line":21},"2":{"name":"get","decl":{"start":{"line":25,"column":1},"end":{"line":25,"column":3}},"loc":{"start":{"line":25,"column":1},"end":{"line":25,"column":3}},"line":25},"3":{"name":"get","decl":{"start":{"line":27,"column":69},"end":{"line":27,"column":77}},"loc":{"start":{"line":27,"column":69},"end":{"line":27,"column":77}},"line":27},"4":{"name":"clickedCard","decl":{"start":{"line":29,"column":28},"end":{"line":29,"column":78}},"loc":{"start":{"line":29,"column":28},"end":{"line":29,"column":78}},"line":29},"5":{"name":"get","decl":{"start":{"line":29,"column":67},"end":{"line":29,"column":78}},"loc":{"start":{"line":29,"column":67},"end":{"line":29,"column":78}},"line":29}},"f":{"0":0,"1":1,"2":0,"3":1,"4":0,"5":0}}
,"G:\\Code\\work\\test-technique\\oostaoo-consulting\\oostao-test-technique\\src\\store\\features\\matchedPairsSlice.ts": {"path":"G:\\Code\\work\\test-technique\\oostaoo-consulting\\oostao-test-technique\\src\\store\\features\\matchedPairsSlice.ts","all":false,"statementMap":{"0":{"start":{"line":1,"column":0},"end":{"line":1,"column":47}},"1":{"start":{"line":2,"column":0},"end":{"line":2,"column":53}},"2":{"start":{"line":3,"column":0},"end":{"line":3,"column":50}},"3":{"start":{"line":4,"column":0},"end":{"line":4,"column":0}},"4":{"start":{"line":5,"column":0},"end":{"line":5,"column":21}},"5":{"start":{"line":6,"column":0},"end":{"line":6,"column":23}},"6":{"start":{"line":7,"column":0},"end":{"line":7,"column":1}},"7":{"start":{"line":8,"column":0},"end":{"line":8,"column":0}},"8":{"start":{"line":9,"column":0},"end":{"line":9,"column":36}},"9":{"start":{"line":10,"column":0},"end":{"line":10,"column":18}},"10":{"start":{"line":11,"column":0},"end":{"line":11,"column":1}},"11":{"start":{"line":12,"column":0},"end":{"line":12,"column":0}},"12":{"start":{"line":13,"column":0},"end":{"line":13,"column":46}},"13":{"start":{"line":14,"column":0},"end":{"line":14,"column":23}},"14":{"start":{"line":15,"column":0},"end":{"line":15,"column":15}},"15":{"start":{"line":16,"column":0},"end":{"line":16,"column":13}},"16":{"start":{"line":17,"column":0},"end":{"line":17,"column":68}},"17":{"start":{"line":18,"column":0},"end":{"line":18,"column":51}},"18":{"start":{"line":19,"column":0},"end":{"line":19,"column":6}},"19":{"start":{"line":20,"column":0},"end":{"line":20,"column":68}},"20":{"start":{"line":21,"column":0},"end":{"line":21,"column":28}},"21":{"start":{"line":22,"column":0},"end":{"line":22,"column":5}},"22":{"start":{"line":23,"column":0},"end":{"line":23,"column":4}},"23":{"start":{"line":24,"column":0},"end":{"line":24,"column":3}},"24":{"start":{"line":25,"column":0},"end":{"line":25,"column":0}},"25":{"start":{"line":26,"column":0},"end":{"line":26,"column":81}},"26":{"start":{"line":27,"column":0},"end":{"line":27,"column":41}},"27":{"start":{"line":28,"column":0},"end":{"line":28,"column":76}}},"s":{"0":1,"1":1,"2":1,"3":1,"4":1,"5":1,"6":1,"7":1,"8":1,"9":1,"10":1,"11":1,"12":1,"13":1,"14":1,"15":1,"16":1,"17":0,"18":0,"19":1,"20":1,"21":1,"22":1,"23":1,"24":1,"25":1,"26":1,"27":1},"branchMap":{"0":{"type":"branch","line":20,"loc":{"start":{"line":20,"column":24},"end":{"line":22,"column":5}},"locations":[{"start":{"line":20,"column":24},"end":{"line":22,"column":5}}]},"1":{"type":"branch","line":26,"loc":{"start":{"line":26,"column":73},"end":{"line":26,"column":81}},"locations":[{"start":{"line":26,"column":73},"end":{"line":26,"column":81}}]}},"b":{"0":[1],"1":[1]},"fnMap":{"0":{"name":"editMatchedPairs","decl":{"start":{"line":17,"column":23},"end":{"line":19,"column":6}},"loc":{"start":{"line":17,"column":23},"end":{"line":19,"column":6}},"line":17},"1":{"name":"resetMatchedPairs","decl":{"start":{"line":20,"column":24},"end":{"line":22,"column":5}},"loc":{"start":{"line":20,"column":24},"end":{"line":22,"column":5}},"line":20},"2":{"name":"get","decl":{"start":{"line":24,"column":1},"end":{"line":24,"column":3}},"loc":{"start":{"line":24,"column":1},"end":{"line":24,"column":3}},"line":24},"3":{"name":"get","decl":{"start":{"line":26,"column":73},"end":{"line":26,"column":81}},"loc":{"start":{"line":26,"column":73},"end":{"line":26,"column":81}},"line":26},"4":{"name":"matched","decl":{"start":{"line":28,"column":24},"end":{"line":28,"column":76}},"loc":{"start":{"line":28,"column":24},"end":{"line":28,"column":76}},"line":28},"5":{"name":"get","decl":{"start":{"line":28,"column":64},"end":{"line":28,"column":76}},"loc":{"start":{"line":28,"column":64},"end":{"line":28,"column":76}},"line":28}},"f":{"0":0,"1":1,"2":0,"3":1,"4":0,"5":0}}
,"G:\\Code\\work\\test-technique\\oostaoo-consulting\\oostao-test-technique\\src\\store\\features\\progressBarSlice.ts": {"path":"G:\\Code\\work\\test-technique\\oostaoo-consulting\\oostao-test-technique\\src\\store\\features\\progressBarSlice.ts","all":false,"statementMap":{"0":{"start":{"line":1,"column":0},"end":{"line":1,"column":47}},"1":{"start":{"line":2,"column":0},"end":{"line":2,"column":53}},"2":{"start":{"line":3,"column":0},"end":{"line":3,"column":50}},"3":{"start":{"line":4,"column":0},"end":{"line":4,"column":0}},"4":{"start":{"line":5,"column":0},"end":{"line":5,"column":21}},"5":{"start":{"line":6,"column":0},"end":{"line":6,"column":22}},"6":{"start":{"line":7,"column":0},"end":{"line":7,"column":1}},"7":{"start":{"line":8,"column":0},"end":{"line":8,"column":0}},"8":{"start":{"line":9,"column":0},"end":{"line":9,"column":36}},"9":{"start":{"line":10,"column":0},"end":{"line":10,"column":17}},"10":{"start":{"line":11,"column":0},"end":{"line":11,"column":1}},"11":{"start":{"line":12,"column":0},"end":{"line":12,"column":0}},"12":{"start":{"line":13,"column":0},"end":{"line":13,"column":45}},"13":{"start":{"line":14,"column":0},"end":{"line":14,"column":22}},"14":{"start":{"line":15,"column":0},"end":{"line":15,"column":15}},"15":{"start":{"line":16,"column":0},"end":{"line":16,"column":13}},"16":{"start":{"line":17,"column":0},"end":{"line":17,"column":66}},"17":{"start":{"line":18,"column":0},"end":{"line":18,"column":49}},"18":{"start":{"line":19,"column":0},"end":{"line":19,"column":6}},"19":{"start":{"line":20,"column":0},"end":{"line":20,"column":68}},"20":{"start":{"line":21,"column":0},"end":{"line":21,"column":27}},"21":{"start":{"line":22,"column":0},"end":{"line":22,"column":5}},"22":{"start":{"line":23,"column":0},"end":{"line":23,"column":4}},"23":{"start":{"line":24,"column":0},"end":{"line":24,"column":3}},"24":{"start":{"line":25,"column":0},"end":{"line":25,"column":0}},"25":{"start":{"line":26,"column":0},"end":{"line":26,"column":77}},"26":{"start":{"line":27,"column":0},"end":{"line":27,"column":40}},"27":{"start":{"line":28,"column":0},"end":{"line":28,"column":75}}},"s":{"0":1,"1":1,"2":1,"3":1,"4":1,"5":1,"6":1,"7":1,"8":1,"9":1,"10":1,"11":1,"12":1,"13":1,"14":1,"15":1,"16":1,"17":0,"18":0,"19":1,"20":1,"21":1,"22":1,"23":1,"24":1,"25":1,"26":1,"27":1},"branchMap":{"0":{"type":"branch","line":20,"loc":{"start":{"line":20,"column":23},"end":{"line":22,"column":5}},"locations":[{"start":{"line":20,"column":23},"end":{"line":22,"column":5}}]},"1":{"type":"branch","line":26,"loc":{"start":{"line":26,"column":69},"end":{"line":26,"column":77}},"locations":[{"start":{"line":26,"column":69},"end":{"line":26,"column":77}}]}},"b":{"0":[1],"1":[1]},"fnMap":{"0":{"name":"addProgressBar","decl":{"start":{"line":17,"column":21},"end":{"line":19,"column":6}},"loc":{"start":{"line":17,"column":21},"end":{"line":19,"column":6}},"line":17},"1":{"name":"resetProgressBar","decl":{"start":{"line":20,"column":23},"end":{"line":22,"column":5}},"loc":{"start":{"line":20,"column":23},"end":{"line":22,"column":5}},"line":20},"2":{"name":"get","decl":{"start":{"line":24,"column":1},"end":{"line":24,"column":3}},"loc":{"start":{"line":24,"column":1},"end":{"line":24,"column":3}},"line":24},"3":{"name":"get","decl":{"start":{"line":26,"column":69},"end":{"line":26,"column":77}},"loc":{"start":{"line":26,"column":69},"end":{"line":26,"column":77}},"line":26},"4":{"name":"progress","decl":{"start":{"line":28,"column":25},"end":{"line":28,"column":75}},"loc":{"start":{"line":28,"column":25},"end":{"line":28,"column":75}},"line":28},"5":{"name":"get","decl":{"start":{"line":28,"column":64},"end":{"line":28,"column":75}},"loc":{"start":{"line":28,"column":64},"end":{"line":28,"column":75}},"line":28}},"f":{"0":0,"1":1,"2":0,"3":1,"4":0,"5":0}}
,"G:\\Code\\work\\test-technique\\oostaoo-consulting\\oostao-test-technique\\src\\store\\features\\statusSlice.ts": {"path":"G:\\Code\\work\\test-technique\\oostaoo-consulting\\oostao-test-technique\\src\\store\\features\\statusSlice.ts","all":false,"statementMap":{"0":{"start":{"line":1,"column":0},"end":{"line":1,"column":47}},"1":{"start":{"line":2,"column":0},"end":{"line":2,"column":53}},"2":{"start":{"line":3,"column":0},"end":{"line":3,"column":50}},"3":{"start":{"line":4,"column":0},"end":{"line":4,"column":0}},"4":{"start":{"line":5,"column":0},"end":{"line":5,"column":21}},"5":{"start":{"line":6,"column":0},"end":{"line":6,"column":24}},"6":{"start":{"line":7,"column":0},"end":{"line":7,"column":23}},"7":{"start":{"line":8,"column":0},"end":{"line":8,"column":1}},"8":{"start":{"line":9,"column":0},"end":{"line":9,"column":0}},"9":{"start":{"line":10,"column":0},"end":{"line":10,"column":36}},"10":{"start":{"line":11,"column":0},"end":{"line":11,"column":22}},"11":{"start":{"line":12,"column":0},"end":{"line":12,"column":21}},"12":{"start":{"line":13,"column":0},"end":{"line":13,"column":1}},"13":{"start":{"line":14,"column":0},"end":{"line":14,"column":0}},"14":{"start":{"line":15,"column":0},"end":{"line":15,"column":40}},"15":{"start":{"line":16,"column":0},"end":{"line":16,"column":19}},"16":{"start":{"line":17,"column":0},"end":{"line":17,"column":17}},"17":{"start":{"line":18,"column":0},"end":{"line":18,"column":15}},"18":{"start":{"line":19,"column":0},"end":{"line":19,"column":85}},"19":{"start":{"line":20,"column":0},"end":{"line":20,"column":35}},"20":{"start":{"line":21,"column":0},"end":{"line":21,"column":50}},"21":{"start":{"line":22,"column":0},"end":{"line":22,"column":20}},"22":{"start":{"line":23,"column":0},"end":{"line":23,"column":52}},"23":{"start":{"line":24,"column":0},"end":{"line":24,"column":13}},"24":{"start":{"line":25,"column":0},"end":{"line":25,"column":9}},"25":{"start":{"line":26,"column":0},"end":{"line":26,"column":5}},"26":{"start":{"line":27,"column":0},"end":{"line":27,"column":2}},"27":{"start":{"line":28,"column":0},"end":{"line":28,"column":0}},"28":{"start":{"line":29,"column":0},"end":{"line":29,"column":53}},"29":{"start":{"line":30,"column":0},"end":{"line":30,"column":34}},"30":{"start":{"line":31,"column":0},"end":{"line":31,"column":71}},"31":{"start":{"line":32,"column":0},"end":{"line":32,"column":69}}},"s":{"0":1,"1":1,"2":1,"3":1,"4":1,"5":1,"6":1,"7":1,"8":1,"9":1,"10":1,"11":1,"12":1,"13":1,"14":1,"15":1,"16":1,"17":1,"18":1,"19":1,"20":0,"21":1,"22":1,"23":1,"24":1,"25":1,"26":1,"27":1,"28":1,"29":1,"30":1,"31":1},"branchMap":{"0":{"type":"branch","line":19,"loc":{"start":{"line":19,"column":25},"end":{"line":25,"column":9}},"locations":[{"start":{"line":19,"column":25},"end":{"line":25,"column":9}}]},"1":{"type":"branch","line":20,"loc":{"start":{"line":20,"column":34},"end":{"line":22,"column":19}},"locations":[{"start":{"line":20,"column":34},"end":{"line":22,"column":19}}]},"2":{"type":"branch","line":29,"loc":{"start":{"line":29,"column":46},"end":{"line":29,"column":53}},"locations":[{"start":{"line":29,"column":46},"end":{"line":29,"column":53}}]}},"b":{"0":[1],"1":[0],"2":[1]},"fnMap":{"0":{"name":"setStatusSlice","decl":{"start":{"line":19,"column":25},"end":{"line":25,"column":9}},"loc":{"start":{"line":19,"column":25},"end":{"line":25,"column":9}},"line":19},"1":{"name":"get","decl":{"start":{"line":27,"column":1},"end":{"line":27,"column":2}},"loc":{"start":{"line":27,"column":1},"end":{"line":27,"column":2}},"line":27},"2":{"name":"get","decl":{"start":{"line":29,"column":46},"end":{"line":29,"column":53}},"loc":{"start":{"line":29,"column":46},"end":{"line":29,"column":53}},"line":29},"3":{"name":"statusGame","decl":{"start":{"line":31,"column":27},"end":{"line":31,"column":71}},"loc":{"start":{"line":31,"column":27},"end":{"line":31,"column":71}},"line":31},"4":{"name":"get","decl":{"start":{"line":31,"column":61},"end":{"line":31,"column":71}},"loc":{"start":{"line":31,"column":61},"end":{"line":31,"column":71}},"line":31},"5":{"name":"statusWon","decl":{"start":{"line":32,"column":26},"end":{"line":32,"column":69}},"loc":{"start":{"line":32,"column":26},"end":{"line":32,"column":69}},"line":32},"6":{"name":"get","decl":{"start":{"line":32,"column":60},"end":{"line":32,"column":69}},"loc":{"start":{"line":32,"column":60},"end":{"line":32,"column":69}},"line":32}},"f":{"0":1,"1":0,"2":1,"3":0,"4":0,"5":0,"6":0}}
,"G:\\Code\\work\\test-technique\\oostaoo-consulting\\oostao-test-technique\\src\\test\\setup.ts": {"path":"G:\\Code\\work\\test-technique\\oostaoo-consulting\\oostao-test-technique\\src\\test\\setup.ts","all":false,"statementMap":{"0":{"start":{"line":1,"column":0},"end":{"line":1,"column":34}}},"s":{"0":1},"branchMap":{},"b":{},"fnMap":{},"f":{}}
,"G:\\Code\\work\\test-technique\\oostaoo-consulting\\oostao-test-technique\\src\\utils\\memorySetup.tsx": {"path":"G:\\Code\\work\\test-technique\\oostaoo-consulting\\oostao-test-technique\\src\\utils\\memorySetup.tsx","all":false,"statementMap":{"0":{"start":{"line":1,"column":0},"end":{"line":1,"column":46}},"1":{"start":{"line":2,"column":0},"end":{"line":2,"column":47}},"2":{"start":{"line":3,"column":0},"end":{"line":3,"column":47}},"3":{"start":{"line":4,"column":0},"end":{"line":4,"column":47}},"4":{"start":{"line":5,"column":0},"end":{"line":5,"column":47}},"5":{"start":{"line":6,"column":0},"end":{"line":6,"column":47}},"6":{"start":{"line":7,"column":0},"end":{"line":7,"column":47}},"7":{"start":{"line":8,"column":0},"end":{"line":8,"column":47}},"8":{"start":{"line":9,"column":0},"end":{"line":9,"column":53}},"9":{"start":{"line":10,"column":0},"end":{"line":10,"column":0}},"10":{"start":{"line":11,"column":0},"end":{"line":11,"column":24}},"11":{"start":{"line":12,"column":0},"end":{"line":12,"column":13}},"12":{"start":{"line":13,"column":0},"end":{"line":13,"column":19}},"13":{"start":{"line":14,"column":0},"end":{"line":14,"column":20}},"14":{"start":{"line":15,"column":0},"end":{"line":15,"column":21}},"15":{"start":{"line":16,"column":0},"end":{"line":16,"column":21}},"16":{"start":{"line":17,"column":0},"end":{"line":17,"column":25}},"17":{"start":{"line":18,"column":0},"end":{"line":18,"column":2}},"18":{"start":{"line":19,"column":0},"end":{"line":19,"column":0}},"19":{"start":{"line":20,"column":0},"end":{"line":20,"column":86}},"20":{"start":{"line":21,"column":0},"end":{"line":21,"column":0}},"21":{"start":{"line":22,"column":0},"end":{"line":22,"column":44}},"22":{"start":{"line":23,"column":0},"end":{"line":23,"column":52}},"23":{"start":{"line":24,"column":0},"end":{"line":24,"column":19}},"24":{"start":{"line":25,"column":0},"end":{"line":25,"column":19}},"25":{"start":{"line":26,"column":0},"end":{"line":26,"column":24}},"26":{"start":{"line":27,"column":0},"end":{"line":27,"column":21}},"27":{"start":{"line":28,"column":0},"end":{"line":28,"column":20}},"28":{"start":{"line":29,"column":0},"end":{"line":29,"column":107}},"29":{"start":{"line":30,"column":0},"end":{"line":30,"column":6}}},"s":{"0":1,"1":1,"2":1,"3":1,"4":1,"5":1,"6":1,"7":1,"8":1,"9":1,"10":1,"11":1,"12":1,"13":1,"14":1,"15":1,"16":1,"17":1,"18":1,"19":1,"20":1,"21":1,"22":1,"23":1,"24":1,"25":1,"26":1,"27":1,"28":1,"29":1},"branchMap":{"0":{"type":"branch","line":22,"loc":{"start":{"line":22,"column":27},"end":{"line":23,"column":3}},"locations":[{"start":{"line":22,"column":27},"end":{"line":23,"column":3}}]},"1":{"type":"branch","line":23,"loc":{"start":{"line":23,"column":38},"end":{"line":23,"column":3}},"locations":[{"start":{"line":23,"column":38},"end":{"line":23,"column":3}}]},"2":{"type":"branch","line":29,"loc":{"start":{"line":29,"column":35},"end":{"line":29,"column":78}},"locations":[{"start":{"line":29,"column":35},"end":{"line":29,"column":78}}]},"3":{"type":"branch","line":23,"loc":{"start":{"line":23,"column":2},"end":{"line":23,"column":3}},"locations":[{"start":{"line":23,"column":2},"end":{"line":23,"column":3}}]}},"b":{"0":[2],"1":[32],"2":[16],"3":[2]},"fnMap":{"0":{"name":"createBoard","decl":{"start":{"line":22,"column":27},"end":{"line":23,"column":3}},"loc":{"start":{"line":22,"column":27},"end":{"line":23,"column":3}},"line":22},"1":{"name":"get","decl":{"start":{"line":23,"column":2},"end":{"line":23,"column":3}},"loc":{"start":{"line":23,"column":2},"end":{"line":23,"column":3}},"line":23}},"f":{"0":2,"1":2}}
,"G:\\Code\\work\\test-technique\\oostaoo-consulting\\oostao-test-technique\\src\\utils\\secondsToMinutes.tsx": {"path":"G:\\Code\\work\\test-technique\\oostaoo-consulting\\oostao-test-technique\\src\\utils\\secondsToMinutes.tsx","all":false,"statementMap":{"0":{"start":{"line":1,"column":0},"end":{"line":1,"column":58}},"1":{"start":{"line":2,"column":0},"end":{"line":2,"column":42}},"2":{"start":{"line":3,"column":0},"end":{"line":3,"column":40}},"3":{"start":{"line":4,"column":0},"end":{"line":4,"column":35}},"4":{"start":{"line":5,"column":0},"end":{"line":5,"column":3}}},"s":{"0":1,"1":1,"2":1,"3":1,"4":1},"branchMap":{},"b":{},"fnMap":{},"f":{}}
,"G:\\Code\\work\\test-technique\\oostaoo-consulting\\oostao-test-technique\\src\\utils\\shuffleArray.tsx": {"path":"G:\\Code\\work\\test-technique\\oostaoo-consulting\\oostao-test-technique\\src\\utils\\shuffleArray.tsx","all":false,"statementMap":{"0":{"start":{"line":1,"column":0},"end":{"line":1,"column":52}},"1":{"start":{"line":2,"column":0},"end":{"line":2,"column":14}},"2":{"start":{"line":3,"column":0},"end":{"line":3,"column":35}},"3":{"start":{"line":4,"column":0},"end":{"line":4,"column":34}},"4":{"start":{"line":5,"column":0},"end":{"line":5,"column":22}},"5":{"start":{"line":6,"column":0},"end":{"line":6,"column":4}}},"s":{"0":1,"1":3,"2":3,"3":3,"4":3,"5":3},"branchMap":{"0":{"type":"branch","line":1,"loc":{"start":{"line":1,"column":51},"end":{"line":6,"column":4}},"locations":[{"start":{"line":1,"column":51},"end":{"line":6,"column":4}}]},"1":{"type":"branch","line":6,"loc":{"start":{"line":6,"column":3},"end":{"line":6,"column":4}},"locations":[{"start":{"line":6,"column":3},"end":{"line":6,"column":4}}]}},"b":{"0":[3],"1":[3]},"fnMap":{"0":{"name":"shuffleArray","decl":{"start":{"line":1,"column":51},"end":{"line":6,"column":4}},"loc":{"start":{"line":1,"column":51},"end":{"line":6,"column":4}},"line":1},"1":{"name":"get","decl":{"start":{"line":6,"column":3},"end":{"line":6,"column":4}},"loc":{"start":{"line":6,"column":3},"end":{"line":6,"column":4}},"line":6}},"f":{"0":3,"1":3}}
}
